
2018-10-17 18:06:36
[ERROR]-[Thread: main]-[com.jfinal.kit.LogKit.error()]: Can not create instance of class: com.fuchuan.common.config.MainConfig
java.lang.RuntimeException: Can not create instance of class: com.fuchuan.common.config.MainConfig
	at com.jfinal.core.JFinalFilter.createJFinalConfig(JFinalFilter.java:116)
	at com.jfinal.core.JFinalFilter.init(JFinalFilter.java:59)
	at org.eclipse.jetty.servlet.FilterHolder.initialize(FilterHolder.java:139)
	at org.eclipse.jetty.servlet.ServletHandler.initialize(ServletHandler.java:741)
	at org.eclipse.jetty.servlet.ServletContextHandler.startContext(ServletContextHandler.java:374)
	at org.eclipse.jetty.webapp.WebAppContext.startWebapp(WebAppContext.java:1497)
	at org.eclipse.jetty.webapp.WebAppContext.startContext(WebAppContext.java:1459)
	at org.eclipse.jetty.server.handler.ContextHandler.doStart(ContextHandler.java:847)
	at org.eclipse.jetty.servlet.ServletContextHandler.doStart(ServletContextHandler.java:287)
	at org.eclipse.jetty.webapp.WebAppContext.doStart(WebAppContext.java:545)
	at org.eclipse.jetty.util.component.AbstractLifeCycle.start(AbstractLifeCycle.java:68)
	at org.eclipse.jetty.util.component.ContainerLifeCycle.start(ContainerLifeCycle.java:138)
	at org.eclipse.jetty.server.Server.start(Server.java:416)
	at org.eclipse.jetty.util.component.ContainerLifeCycle.doStart(ContainerLifeCycle.java:108)
	at org.eclipse.jetty.server.handler.AbstractHandler.doStart(AbstractHandler.java:113)
	at org.eclipse.jetty.server.Server.doStart(Server.java:383)
	at org.eclipse.jetty.util.component.AbstractLifeCycle.start(AbstractLifeCycle.java:68)
	at com.jfinal.server.jetty.JettyServer.doStart(JettyServer.java:148)
	at com.jfinal.server.jetty.JettyServer.start(JettyServer.java:69)
	at com.jfinal.core.JFinal.start(JFinal.java:160)
	at com.fuchuan.nsc.common.config.MainConfig.main(MainConfig.java:107)
Caused by: java.lang.ClassNotFoundException: com.fuchuan.common.config.MainConfig
	at java.net.URLClassLoader.findClass(URLClassLoader.java:381)
	at java.lang.ClassLoader.loadClass(ClassLoader.java:424)
	at sun.misc.Launcher$AppClassLoader.loadClass(Launcher.java:349)
	at java.lang.ClassLoader.loadClass(ClassLoader.java:357)
	at org.eclipse.jetty.webapp.WebAppClassLoader.loadClass(WebAppClassLoader.java:565)
	at com.jfinal.server.jetty.JFinalClassLoader.loadClass(JFinalClassLoader.java:60)
	at java.lang.Class.forName0(Native Method)
	at java.lang.Class.forName(Class.java:264)
	at com.jfinal.core.JFinalFilter.createJFinalConfig(JFinalFilter.java:114)
	... 20 more

2018-10-17 18:09:46
[ERROR]-[Thread: main]-[com.jfinal.kit.LogKit.error()]: Can not create instance of class: com.fuchuan.common.config.MainConfig
java.lang.RuntimeException: Can not create instance of class: com.fuchuan.common.config.MainConfig
	at com.jfinal.core.JFinalFilter.createJFinalConfig(JFinalFilter.java:116)
	at com.jfinal.core.JFinalFilter.init(JFinalFilter.java:59)
	at org.eclipse.jetty.servlet.FilterHolder.initialize(FilterHolder.java:139)
	at org.eclipse.jetty.servlet.ServletHandler.initialize(ServletHandler.java:741)
	at org.eclipse.jetty.servlet.ServletContextHandler.startContext(ServletContextHandler.java:374)
	at org.eclipse.jetty.webapp.WebAppContext.startWebapp(WebAppContext.java:1497)
	at org.eclipse.jetty.webapp.WebAppContext.startContext(WebAppContext.java:1459)
	at org.eclipse.jetty.server.handler.ContextHandler.doStart(ContextHandler.java:847)
	at org.eclipse.jetty.servlet.ServletContextHandler.doStart(ServletContextHandler.java:287)
	at org.eclipse.jetty.webapp.WebAppContext.doStart(WebAppContext.java:545)
	at org.eclipse.jetty.util.component.AbstractLifeCycle.start(AbstractLifeCycle.java:68)
	at org.eclipse.jetty.util.component.ContainerLifeCycle.start(ContainerLifeCycle.java:138)
	at org.eclipse.jetty.server.Server.start(Server.java:416)
	at org.eclipse.jetty.util.component.ContainerLifeCycle.doStart(ContainerLifeCycle.java:108)
	at org.eclipse.jetty.server.handler.AbstractHandler.doStart(AbstractHandler.java:113)
	at org.eclipse.jetty.server.Server.doStart(Server.java:383)
	at org.eclipse.jetty.util.component.AbstractLifeCycle.start(AbstractLifeCycle.java:68)
	at com.jfinal.server.jetty.JettyServer.doStart(JettyServer.java:148)
	at com.jfinal.server.jetty.JettyServer.start(JettyServer.java:69)
	at com.jfinal.core.JFinal.start(JFinal.java:160)
	at com.fuchuan.nsc.common.config.MainConfig.main(MainConfig.java:107)
Caused by: java.lang.ClassNotFoundException: com.fuchuan.common.config.MainConfig
	at java.net.URLClassLoader.findClass(URLClassLoader.java:381)
	at java.lang.ClassLoader.loadClass(ClassLoader.java:424)
	at sun.misc.Launcher$AppClassLoader.loadClass(Launcher.java:349)
	at java.lang.ClassLoader.loadClass(ClassLoader.java:357)
	at org.eclipse.jetty.webapp.WebAppClassLoader.loadClass(WebAppClassLoader.java:565)
	at com.jfinal.server.jetty.JFinalClassLoader.loadClass(JFinalClassLoader.java:60)
	at java.lang.Class.forName0(Native Method)
	at java.lang.Class.forName(Class.java:264)
	at com.jfinal.core.JFinalFilter.createJFinalConfig(JFinalFilter.java:114)
	... 20 more

2018-10-17 20:47:26
[ERROR]-[Thread: qtp2068434592-22]-[com.jfinal.core.ActionHandler.handleActionException()]: 405 Error: /login
com.jfinal.core.ActionException
